<?xml version="1.0" encoding="UTF-8"?>
<testsuite name="com.epam.javacourses2016.task11.SolverTask11Test" tests="2" skipped="0" failures="0" errors="0" timestamp="2016-12-01T14:40:18" hostname="bellka" time="0.0">
  <properties/>
  <testcase name="testEmulate" classname="com.epam.javacourses2016.task11.SolverTask11Test" time="0.0"/>
  <testcase name="testEmulate1" classname="com.epam.javacourses2016.task11.SolverTask11Test" time="0.0"/>
  <system-out><![CDATA[]]></system-out>
  <system-err><![CDATA[]]></system-err>
</testsuite>
