<?xml version="1.0" encoding="UTF-8"?>
<testsuite name="com.epam.javacourses2016.task13.AbstractGraphCreatorTest" tests="1" skipped="0" failures="0" errors="0" timestamp="2016-12-01T14:40:18" hostname="bellka" time="0.016">
  <properties/>
  <testcase name="testCreateGraph" classname="com.epam.javacourses2016.task13.AbstractGraphCreatorTest" time="0.016"/>
  <system-out><![CDATA[]]></system-out>
  <system-err><![CDATA[]]></system-err>
</testsuite>
